{"/Users/issuser/Desktop/Study/simple-vue-core/src/reactivity/baseHandlers.ts": {"path":"/Users/issuser/Desktop/Study/simple-vue-core/src/reactivity/baseHandlers.ts","statementMap":{"0":{"start":{"line":5,"column":12},"end":{"line":5,"column":26}},"1":{"start":{"line":6,"column":12},"end":{"line":6,"column":26}},"2":{"start":{"line":7,"column":20},"end":{"line":7,"column":38}},"3":{"start":{"line":8,"column":20},"end":{"line":8,"column":38}},"4":{"start":{"line":9,"column":27},"end":{"line":9,"column":51}},"5":{"start":{"line":12,"column":4},"end":{"line":31,"column":5}},"6":{"start":{"line":14,"column":8},"end":{"line":18,"column":9}},"7":{"start":{"line":15,"column":12},"end":{"line":15,"column":30}},"8":{"start":{"line":16,"column":15},"end":{"line":18,"column":9}},"9":{"start":{"line":17,"column":12},"end":{"line":17,"column":29}},"10":{"start":{"line":19,"column":23},"end":{"line":19,"column":55}},"11":{"start":{"line":20,"column":8},"end":{"line":23,"column":9}},"12":{"start":{"line":22,"column":12},"end":{"line":22,"column":28}},"13":{"start":{"line":24,"column":8},"end":{"line":26,"column":9}},"14":{"start":{"line":25,"column":12},"end":{"line":25,"column":25}},"15":{"start":{"line":27,"column":8},"end":{"line":29,"column":9}},"16":{"start":{"line":28,"column":12},"end":{"line":28,"column":67}},"17":{"start":{"line":30,"column":8},"end":{"line":30,"column":21}},"18":{"start":{"line":35,"column":4},"end":{"line":45,"column":5}},"19":{"start":{"line":36,"column":8},"end":{"line":39,"column":9}},"20":{"start":{"line":37,"column":12},"end":{"line":37,"column":82}},"21":{"start":{"line":38,"column":12},"end":{"line":38,"column":23}},"22":{"start":{"line":41,"column":23},"end":{"line":41,"column":55}},"23":{"start":{"line":43,"column":8},"end":{"line":43,"column":26}},"24":{"start":{"line":44,"column":8},"end":{"line":44,"column":21}},"25":{"start":{"line":48,"column":31},"end":{"line":51,"column":1}},"26":{"start":{"line":53,"column":32},"end":{"line":56,"column":1}},"27":{"start":{"line":58,"column":39},"end":{"line":60,"column":2}}},"fnMap":{"0":{"name":"createGetter","decl":{"start":{"line":11,"column":9},"end":{"line":11,"column":21}},"loc":{"start":{"line":11,"column":79},"end":{"line":32,"column":1}},"line":11},"1":{"name":"(anonymous_1)","decl":{"start":{"line":12,"column":11},"end":{"line":12,"column":12}},"loc":{"start":{"line":12,"column":72},"end":{"line":31,"column":5}},"line":12},"2":{"name":"createSetter","decl":{"start":{"line":34,"column":9},"end":{"line":34,"column":21}},"loc":{"start":{"line":34,"column":51},"end":{"line":46,"column":1}},"line":34},"3":{"name":"(anonymous_3)","decl":{"start":{"line":35,"column":11},"end":{"line":35,"column":12}},"loc":{"start":{"line":35,"column":83},"end":{"line":45,"column":5}},"line":35}},"branchMap":{"0":{"loc":{"start":{"line":11,"column":22},"end":{"line":11,"column":49}},"type":"default-arg","locations":[{"start":{"line":11,"column":44},"end":{"line":11,"column":49}}],"line":11},"1":{"loc":{"start":{"line":11,"column":51},"end":{"line":11,"column":77}},"type":"default-arg","locations":[{"start":{"line":11,"column":72},"end":{"line":11,"column":77}}],"line":11},"2":{"loc":{"start":{"line":14,"column":8},"end":{"line":18,"column":9}},"type":"if","locations":[{"start":{"line":14,"column":8},"end":{"line":18,"column":9}},{"start":{"line":16,"column":15},"end":{"line":18,"column":9}}],"line":14},"3":{"loc":{"start":{"line":16,"column":15},"end":{"line":18,"column":9}},"type":"if","locations":[{"start":{"line":16,"column":15},"end":{"line":18,"column":9}},{"start":{},"end":{}}],"line":16},"4":{"loc":{"start":{"line":20,"column":8},"end":{"line":23,"column":9}},"type":"if","locations":[{"start":{"line":20,"column":8},"end":{"line":23,"column":9}},{"start":{},"end":{}}],"line":20},"5":{"loc":{"start":{"line":24,"column":8},"end":{"line":26,"column":9}},"type":"if","locations":[{"start":{"line":24,"column":8},"end":{"line":26,"column":9}},{"start":{},"end":{}}],"line":24},"6":{"loc":{"start":{"line":27,"column":8},"end":{"line":29,"column":9}},"type":"if","locations":[{"start":{"line":27,"column":8},"end":{"line":29,"column":9}},{"start":{},"end":{}}],"line":27},"7":{"loc":{"start":{"line":28,"column":19},"end":{"line":28,"column":67}},"type":"cond-expr","locations":[{"start":{"line":28,"column":32},"end":{"line":28,"column":48}},{"start":{"line":28,"column":51},"end":{"line":28,"column":67}}],"line":28},"8":{"loc":{"start":{"line":34,"column":22},"end":{"line":34,"column":49}},"type":"default-arg","locations":[{"start":{"line":34,"column":44},"end":{"line":34,"column":49}}],"line":34},"9":{"loc":{"start":{"line":36,"column":8},"end":{"line":39,"column":9}},"type":"if","locations":[{"start":{"line":36,"column":8},"end":{"line":39,"column":9}},{"start":{},"end":{}}],"line":36}},"s":{"0":1,"1":1,"2":1,"3":1,"4":1,"5":3,"6":2,"7":0,"8":2,"9":0,"10":2,"11":2,"12":2,"13":2,"14":0,"15":2,"16":0,"17":2,"18":2,"19":1,"20":0,"21":0,"22":1,"23":1,"24":1,"25":1,"26":1,"27":1},"f":{"0":3,"1":2,"2":2,"3":1},"b":{"0":[1],"1":[2],"2":[0,2],"3":[0,2],"4":[2,0],"5":[0,2],"6":[0,2],"7":[0,0],"8":[1],"9":[0,1]},"_coverageSchema":"1a1c01bbd47fc00a2c39e90264f33305004495a9","hash":"f30f9c0447cf2b38ef2e5efbe311a707c59030a5"}
,"/Users/issuser/Desktop/Study/simple-vue-core/src/reactivity/computed.ts": {"path":"/Users/issuser/Desktop/Study/simple-vue-core/src/reactivity/computed.ts","statementMap":{"0":{"start":{"line":6,"column":30},"end":{"line":6,"column":35}},"1":{"start":{"line":13,"column":8},"end":{"line":17,"column":10}},"2":{"start":{"line":15,"column":12},"end":{"line":15,"column":46}},"3":{"start":{"line":16,"column":12},"end":{"line":16,"column":31}},"4":{"start":{"line":22,"column":8},"end":{"line":26,"column":9}},"5":{"start":{"line":23,"column":12},"end":{"line":23,"column":30}},"6":{"start":{"line":25,"column":12},"end":{"line":25,"column":50}},"7":{"start":{"line":27,"column":8},"end":{"line":27,"column":26}},"8":{"start":{"line":32,"column":4},"end":{"line":32,"column":38}}},"fnMap":{"0":{"name":"(anonymous_0)","decl":{"start":{"line":12,"column":4},"end":{"line":12,"column":5}},"loc":{"start":{"line":12,"column":34},"end":{"line":18,"column":5}},"line":12},"1":{"name":"(anonymous_1)","decl":{"start":{"line":13,"column":50},"end":{"line":13,"column":51}},"loc":{"start":{"line":13,"column":56},"end":{"line":17,"column":9}},"line":13},"2":{"name":"(anonymous_2)","decl":{"start":{"line":20,"column":4},"end":{"line":20,"column":5}},"loc":{"start":{"line":20,"column":16},"end":{"line":28,"column":5}},"line":20},"3":{"name":"computed","decl":{"start":{"line":31,"column":16},"end":{"line":31,"column":24}},"loc":{"start":{"line":31,"column":43},"end":{"line":33,"column":1}},"line":31}},"branchMap":{"0":{"loc":{"start":{"line":22,"column":8},"end":{"line":26,"column":9}},"type":"if","locations":[{"start":{"line":22,"column":8},"end":{"line":26,"column":9}},{"start":{},"end":{}}],"line":22}},"s":{"0":1,"1":1,"2":1,"3":1,"4":3,"5":2,"6":2,"7":3,"8":1},"f":{"0":1,"1":1,"2":3,"3":1},"b":{"0":[2,1]},"_coverageSchema":"1a1c01bbd47fc00a2c39e90264f33305004495a9","hash":"7c6b71f7d3bafbf04db5306f786bc8f183be14f7"}
,"/Users/issuser/Desktop/Study/simple-vue-core/src/reactivity/effect.ts": {"path":"/Users/issuser/Desktop/Study/simple-vue-core/src/reactivity/effect.ts","statementMap":{"0":{"start":{"line":5,"column":22},"end":{"line":5,"column":26}},"1":{"start":{"line":7,"column":29},"end":{"line":7,"column":31}},"2":{"start":{"line":11,"column":8},"end":{"line":11,"column":21}},"3":{"start":{"line":12,"column":8},"end":{"line":12,"column":34}},"4":{"start":{"line":18,"column":20},"end":{"line":18,"column":30}},"5":{"start":{"line":21,"column":8},"end":{"line":21,"column":18}},"6":{"start":{"line":26,"column":8},"end":{"line":26,"column":18}},"7":{"start":{"line":27,"column":20},"end":{"line":27,"column":30}},"8":{"start":{"line":28,"column":8},"end":{"line":28,"column":23}},"9":{"start":{"line":29,"column":8},"end":{"line":29,"column":18}},"10":{"start":{"line":33,"column":8},"end":{"line":36,"column":9}},"11":{"start":{"line":34,"column":12},"end":{"line":34,"column":32}},"12":{"start":{"line":35,"column":12},"end":{"line":35,"column":31}},"13":{"start":{"line":41,"column":18},"end":{"line":41,"column":45}},"14":{"start":{"line":42,"column":4},"end":{"line":46,"column":5}},"15":{"start":{"line":44,"column":8},"end":{"line":44,"column":36}},"16":{"start":{"line":47,"column":4},"end":{"line":49,"column":5}},"17":{"start":{"line":48,"column":8},"end":{"line":48,"column":23}},"18":{"start":{"line":54,"column":22},"end":{"line":54,"column":39}},"19":{"start":{"line":56,"column":16},"end":{"line":56,"column":49}},"20":{"start":{"line":58,"column":4},"end":{"line":58,"column":24}},"21":{"start":{"line":59,"column":4},"end":{"line":59,"column":19}},"22":{"start":{"line":60,"column":19},"end":{"line":60,"column":36}},"23":{"start":{"line":61,"column":4},"end":{"line":61,"column":24}},"24":{"start":{"line":62,"column":4},"end":{"line":62,"column":17}},"25":{"start":{"line":65,"column":18},"end":{"line":65,"column":74}},"26":{"start":{"line":69,"column":4},"end":{"line":69,"column":20}},"27":{"start":{"line":69,"column":14},"end":{"line":69,"column":20}},"28":{"start":{"line":70,"column":16},"end":{"line":70,"column":37}},"29":{"start":{"line":71,"column":4},"end":{"line":74,"column":5}},"30":{"start":{"line":72,"column":8},"end":{"line":72,"column":18}},"31":{"start":{"line":73,"column":8},"end":{"line":73,"column":36}},"32":{"start":{"line":75,"column":15},"end":{"line":75,"column":23}},"33":{"start":{"line":76,"column":4},"end":{"line":80,"column":5}},"34":{"start":{"line":77,"column":8},"end":{"line":77,"column":17}},"35":{"start":{"line":78,"column":8},"end":{"line":78,"column":23}},"36":{"start":{"line":79,"column":8},"end":{"line":79,"column":23}},"37":{"start":{"line":81,"column":4},"end":{"line":81,"column":21}},"38":{"start":{"line":86,"column":4},"end":{"line":89,"column":5}},"39":{"start":{"line":87,"column":8},"end":{"line":87,"column":22}},"40":{"start":{"line":93,"column":19},"end":{"line":93,"column":40}},"41":{"start":{"line":95,"column":4},"end":{"line":95,"column":23}},"42":{"start":{"line":95,"column":17},"end":{"line":95,"column":23}},"43":{"start":{"line":96,"column":17},"end":{"line":96,"column":26}},"44":{"start":{"line":97,"column":4},"end":{"line":97,"column":23}},"45":{"start":{"line":101,"column":4},"end":{"line":101,"column":21}},"46":{"start":{"line":101,"column":15},"end":{"line":101,"column":21}},"47":{"start":{"line":103,"column":4},"end":{"line":109,"column":6}},"48":{"start":{"line":104,"column":8},"end":{"line":108,"column":9}},"49":{"start":{"line":105,"column":12},"end":{"line":105,"column":27}},"50":{"start":{"line":107,"column":12},"end":{"line":107,"column":21}},"51":{"start":{"line":113,"column":4},"end":{"line":113,"column":24}}},"fnMap":{"0":{"name":"(anonymous_0)","decl":{"start":{"line":10,"column":4},"end":{"line":10,"column":5}},"loc":{"start":{"line":10,"column":52},"end":{"line":13,"column":5}},"line":10},"1":{"name":"(anonymous_1)","decl":{"start":{"line":15,"column":4},"end":{"line":15,"column":5}},"loc":{"start":{"line":15,"column":10},"end":{"line":22,"column":5}},"line":15},"2":{"name":"(anonymous_2)","decl":{"start":{"line":25,"column":4},"end":{"line":25,"column":5}},"loc":{"start":{"line":25,"column":16},"end":{"line":30,"column":5}},"line":25},"3":{"name":"(anonymous_3)","decl":{"start":{"line":32,"column":4},"end":{"line":32,"column":5}},"loc":{"start":{"line":32,"column":11},"end":{"line":37,"column":5}},"line":32},"4":{"name":"cleanupEffect","decl":{"start":{"line":40,"column":9},"end":{"line":40,"column":22}},"loc":{"start":{"line":40,"column":47},"end":{"line":50,"column":1}},"line":40},"5":{"name":"effect","decl":{"start":{"line":53,"column":16},"end":{"line":53,"column":22}},"loc":{"start":{"line":53,"column":56},"end":{"line":63,"column":1}},"line":53},"6":{"name":"track","decl":{"start":{"line":66,"column":16},"end":{"line":66,"column":21}},"loc":{"start":{"line":66,"column":55},"end":{"line":82,"column":1}},"line":66},"7":{"name":"trackEffect","decl":{"start":{"line":84,"column":16},"end":{"line":84,"column":27}},"loc":{"start":{"line":84,"column":52},"end":{"line":90,"column":1}},"line":84},"8":{"name":"trigger","decl":{"start":{"line":92,"column":16},"end":{"line":92,"column":23}},"loc":{"start":{"line":92,"column":56},"end":{"line":98,"column":1}},"line":92},"9":{"name":"triggerEffect","decl":{"start":{"line":100,"column":16},"end":{"line":100,"column":29}},"loc":{"start":{"line":100,"column":54},"end":{"line":110,"column":1}},"line":100},"10":{"name":"(anonymous_10)","decl":{"start":{"line":103,"column":17},"end":{"line":103,"column":18}},"loc":{"start":{"line":103,"column":24},"end":{"line":109,"column":5}},"line":103},"11":{"name":"stop","decl":{"start":{"line":112,"column":16},"end":{"line":112,"column":20}},"loc":{"start":{"line":112,"column":39},"end":{"line":114,"column":1}},"line":112}},"branchMap":{"0":{"loc":{"start":{"line":33,"column":8},"end":{"line":36,"column":9}},"type":"if","locations":[{"start":{"line":33,"column":8},"end":{"line":36,"column":9}},{"start":{},"end":{}}],"line":33},"1":{"loc":{"start":{"line":42,"column":4},"end":{"line":46,"column":5}},"type":"if","locations":[{"start":{"line":42,"column":4},"end":{"line":46,"column":5}},{"start":{},"end":{}}],"line":42},"2":{"loc":{"start":{"line":47,"column":4},"end":{"line":49,"column":5}},"type":"if","locations":[{"start":{"line":47,"column":4},"end":{"line":49,"column":5}},{"start":{},"end":{}}],"line":47},"3":{"loc":{"start":{"line":53,"column":37},"end":{"line":53,"column":54}},"type":"default-arg","locations":[{"start":{"line":53,"column":52},"end":{"line":53,"column":54}}],"line":53},"4":{"loc":{"start":{"line":69,"column":4},"end":{"line":69,"column":20}},"type":"if","locations":[{"start":{"line":69,"column":4},"end":{"line":69,"column":20}},{"start":{},"end":{}}],"line":69},"5":{"loc":{"start":{"line":71,"column":4},"end":{"line":74,"column":5}},"type":"if","locations":[{"start":{"line":71,"column":4},"end":{"line":74,"column":5}},{"start":{},"end":{}}],"line":71},"6":{"loc":{"start":{"line":76,"column":4},"end":{"line":80,"column":5}},"type":"if","locations":[{"start":{"line":76,"column":4},"end":{"line":80,"column":5}},{"start":{},"end":{}}],"line":76},"7":{"loc":{"start":{"line":86,"column":4},"end":{"line":89,"column":5}},"type":"if","locations":[{"start":{"line":86,"column":4},"end":{"line":89,"column":5}},{"start":{},"end":{}}],"line":86},"8":{"loc":{"start":{"line":86,"column":8},"end":{"line":86,"column":36}},"type":"binary-expr","locations":[{"start":{"line":86,"column":8},"end":{"line":86,"column":11}},{"start":{"line":86,"column":15},"end":{"line":86,"column":36}}],"line":86},"9":{"loc":{"start":{"line":95,"column":4},"end":{"line":95,"column":23}},"type":"if","locations":[{"start":{"line":95,"column":4},"end":{"line":95,"column":23}},{"start":{},"end":{}}],"line":95},"10":{"loc":{"start":{"line":101,"column":4},"end":{"line":101,"column":21}},"type":"if","locations":[{"start":{"line":101,"column":4},"end":{"line":101,"column":21}},{"start":{},"end":{}}],"line":101},"11":{"loc":{"start":{"line":104,"column":8},"end":{"line":108,"column":9}},"type":"if","locations":[{"start":{"line":104,"column":8},"end":{"line":108,"column":9}},{"start":{"line":106,"column":15},"end":{"line":108,"column":9}}],"line":104}},"s":{"0":1,"1":1,"2":1,"3":1,"4":0,"5":0,"6":2,"7":2,"8":2,"9":2,"10":0,"11":0,"12":0,"13":0,"14":0,"15":0,"16":0,"17":0,"18":0,"19":0,"20":0,"21":0,"22":0,"23":0,"24":0,"25":1,"26":2,"27":0,"28":2,"29":2,"30":1,"31":1,"32":2,"33":2,"34":1,"35":1,"36":1,"37":2,"38":2,"39":1,"40":1,"41":1,"42":0,"43":1,"44":1,"45":1,"46":0,"47":1,"48":1,"49":1,"50":0,"51":0},"f":{"0":1,"1":0,"2":2,"3":0,"4":0,"5":0,"6":2,"7":2,"8":1,"9":1,"10":1,"11":0},"b":{"0":[0,0],"1":[0,0],"2":[0,0],"3":[0],"4":[0,2],"5":[1,1],"6":[1,1],"7":[1,1],"8":[2,2],"9":[0,1],"10":[0,1],"11":[1,0]},"_coverageSchema":"1a1c01bbd47fc00a2c39e90264f33305004495a9","hash":"f0177c650a92265aa6e5c5333dc48bb21abf5f8a"}
,"/Users/issuser/Desktop/Study/simple-vue-core/src/reactivity/reactive.ts": {"path":"/Users/issuser/Desktop/Study/simple-vue-core/src/reactivity/reactive.ts","statementMap":{"0":{"start":{"line":9,"column":4},"end":{"line":9,"column":35}},"1":{"start":{"line":13,"column":4},"end":{"line":13,"column":52}},"2":{"start":{"line":17,"column":4},"end":{"line":17,"column":53}},"3":{"start":{"line":21,"column":4},"end":{"line":21,"column":60}},"4":{"start":{"line":25,"column":4},"end":{"line":25,"column":45}},"5":{"start":{"line":29,"column":4},"end":{"line":29,"column":45}},"6":{"start":{"line":33,"column":4},"end":{"line":33,"column":49}}},"fnMap":{"0":{"name":"creatReactiveObject","decl":{"start":{"line":8,"column":16},"end":{"line":8,"column":35}},"loc":{"start":{"line":8,"column":75},"end":{"line":10,"column":1}},"line":8},"1":{"name":"reactive","decl":{"start":{"line":12,"column":16},"end":{"line":12,"column":24}},"loc":{"start":{"line":12,"column":40},"end":{"line":14,"column":1}},"line":12},"2":{"name":"readonly","decl":{"start":{"line":16,"column":16},"end":{"line":16,"column":24}},"loc":{"start":{"line":16,"column":40},"end":{"line":18,"column":1}},"line":16},"3":{"name":"shallowReadonly","decl":{"start":{"line":20,"column":16},"end":{"line":20,"column":31}},"loc":{"start":{"line":20,"column":47},"end":{"line":22,"column":1}},"line":20},"4":{"name":"isReactive","decl":{"start":{"line":24,"column":16},"end":{"line":24,"column":26}},"loc":{"start":{"line":24,"column":39},"end":{"line":26,"column":1}},"line":24},"5":{"name":"isReadonly","decl":{"start":{"line":28,"column":16},"end":{"line":28,"column":26}},"loc":{"start":{"line":28,"column":39},"end":{"line":30,"column":1}},"line":28},"6":{"name":"isProxy","decl":{"start":{"line":32,"column":16},"end":{"line":32,"column":23}},"loc":{"start":{"line":32,"column":36},"end":{"line":34,"column":1}},"line":32}},"branchMap":{"0":{"loc":{"start":{"line":33,"column":11},"end":{"line":33,"column":49}},"type":"binary-expr","locations":[{"start":{"line":33,"column":11},"end":{"line":33,"column":28}},{"start":{"line":33,"column":32},"end":{"line":33,"column":49}}],"line":33}},"s":{"0":1,"1":1,"2":0,"3":0,"4":0,"5":0,"6":0},"f":{"0":1,"1":1,"2":0,"3":0,"4":0,"5":0,"6":0},"b":{"0":[0,0]},"_coverageSchema":"1a1c01bbd47fc00a2c39e90264f33305004495a9","hash":"d4f2ffd4218a8aafc8a6e00e65a2515da6fe07b0"}
,"/Users/issuser/Desktop/Study/simple-vue-core/src/shared/index.ts": {"path":"/Users/issuser/Desktop/Study/simple-vue-core/src/shared/index.ts","statementMap":{"0":{"start":{"line":2,"column":22},"end":{"line":2,"column":35}},"1":{"start":{"line":4,"column":24},"end":{"line":6,"column":1}},"2":{"start":{"line":5,"column":4},"end":{"line":5,"column":71}},"3":{"start":{"line":8,"column":26},"end":{"line":10,"column":1}},"4":{"start":{"line":9,"column":4},"end":{"line":9,"column":32}}},"fnMap":{"0":{"name":"(anonymous_0)","decl":{"start":{"line":4,"column":24},"end":{"line":4,"column":25}},"loc":{"start":{"line":4,"column":43},"end":{"line":6,"column":1}},"line":4},"1":{"name":"(anonymous_1)","decl":{"start":{"line":8,"column":26},"end":{"line":8,"column":27}},"loc":{"start":{"line":8,"column":56},"end":{"line":10,"column":1}},"line":8}},"branchMap":{"0":{"loc":{"start":{"line":5,"column":11},"end":{"line":5,"column":71}},"type":"binary-expr","locations":[{"start":{"line":5,"column":11},"end":{"line":5,"column":23}},{"start":{"line":5,"column":27},"end":{"line":5,"column":44}},{"start":{"line":5,"column":48},"end":{"line":5,"column":71}}],"line":5}},"s":{"0":1,"1":1,"2":2,"3":1,"4":0},"f":{"0":2,"1":0},"b":{"0":[2,2,2]},"_coverageSchema":"1a1c01bbd47fc00a2c39e90264f33305004495a9","hash":"f08e893ec20e05a36fc7210e97484c7ba58f0909"}
}
