TN:
SF:src/reactivity/baseHandlers.ts
FN:11,createGetter
FN:12,(anonymous_1)
FN:34,createSetter
FN:35,(anonymous_3)
FNF:4
FNH:4
FNDA:3,createGetter
FNDA:2,(anonymous_1)
FNDA:2,createSetter
FNDA:1,(anonymous_3)
DA:5,1
DA:6,1
DA:7,1
DA:8,1
DA:9,1
DA:12,3
DA:14,2
DA:15,0
DA:16,2
DA:17,0
DA:19,2
DA:20,2
DA:22,2
DA:24,2
DA:25,0
DA:27,2
DA:28,0
DA:30,2
DA:35,2
DA:36,1
DA:37,0
DA:38,0
DA:41,1
DA:43,1
DA:44,1
DA:48,1
DA:53,1
DA:58,1
LF:28
LH:22
BRDA:11,0,0,1
BRDA:11,1,0,2
BRDA:14,2,0,0
BRDA:14,2,1,2
BRDA:16,3,0,0
BRDA:16,3,1,2
BRDA:20,4,0,2
BRDA:20,4,1,0
BRDA:24,5,0,0
BRDA:24,5,1,2
BRDA:27,6,0,0
BRDA:27,6,1,2
BRDA:28,7,0,0
BRDA:28,7,1,0
BRDA:34,8,0,1
BRDA:36,9,0,0
BRDA:36,9,1,1
BRF:17
BRH:9
end_of_record
TN:
SF:src/reactivity/computed.ts
FN:12,(anonymous_0)
FN:13,(anonymous_1)
FN:20,(anonymous_2)
FN:31,computed
FNF:4
FNH:4
FNDA:1,(anonymous_0)
FNDA:1,(anonymous_1)
FNDA:3,(anonymous_2)
FNDA:1,computed
DA:6,1
DA:13,1
DA:15,1
DA:16,1
DA:22,3
DA:23,2
DA:25,2
DA:27,3
DA:32,1
LF:9
LH:9
BRDA:22,0,0,2
BRDA:22,0,1,1
BRF:2
BRH:2
end_of_record
TN:
SF:src/reactivity/effect.ts
FN:10,(anonymous_0)
FN:15,(anonymous_1)
FN:25,(anonymous_2)
FN:32,(anonymous_3)
FN:40,cleanupEffect
FN:53,effect
FN:66,track
FN:84,trackEffect
FN:92,trigger
FN:100,triggerEffect
FN:103,(anonymous_10)
FN:112,stop
FNF:12
FNH:7
FNDA:1,(anonymous_0)
FNDA:0,(anonymous_1)
FNDA:2,(anonymous_2)
FNDA:0,(anonymous_3)
FNDA:0,cleanupEffect
FNDA:0,effect
FNDA:2,track
FNDA:2,trackEffect
FNDA:1,trigger
FNDA:1,triggerEffect
FNDA:1,(anonymous_10)
FNDA:0,stop
DA:5,1
DA:7,1
DA:11,1
DA:12,1
DA:18,0
DA:21,0
DA:26,2
DA:27,2
DA:28,2
DA:29,2
DA:33,0
DA:34,0
DA:35,0
DA:41,0
DA:42,0
DA:44,0
DA:47,0
DA:48,0
DA:54,0
DA:56,0
DA:58,0
DA:59,0
DA:60,0
DA:61,0
DA:62,0
DA:65,1
DA:69,2
DA:70,2
DA:71,2
DA:72,1
DA:73,1
DA:75,2
DA:76,2
DA:77,1
DA:78,1
DA:79,1
DA:81,2
DA:86,2
DA:87,1
DA:93,1
DA:95,1
DA:96,1
DA:97,1
DA:101,1
DA:103,1
DA:104,1
DA:105,1
DA:107,0
DA:113,0
LF:49
LH:30
BRDA:33,0,0,0
BRDA:33,0,1,0
BRDA:42,1,0,0
BRDA:42,1,1,0
BRDA:47,2,0,0
BRDA:47,2,1,0
BRDA:53,3,0,0
BRDA:69,4,0,0
BRDA:69,4,1,2
BRDA:71,5,0,1
BRDA:71,5,1,1
BRDA:76,6,0,1
BRDA:76,6,1,1
BRDA:86,7,0,1
BRDA:86,7,1,1
BRDA:86,8,0,2
BRDA:86,8,1,2
BRDA:95,9,0,0
BRDA:95,9,1,1
BRDA:101,10,0,0
BRDA:101,10,1,1
BRDA:104,11,0,1
BRDA:104,11,1,0
BRF:23
BRH:12
end_of_record
TN:
SF:src/reactivity/reactive.ts
FN:8,creatReactiveObject
FN:12,reactive
FN:16,readonly
FN:20,shallowReadonly
FN:24,isReactive
FN:28,isReadonly
FN:32,isProxy
FNF:7
FNH:2
FNDA:1,creatReactiveObject
FNDA:1,reactive
FNDA:0,readonly
FNDA:0,shallowReadonly
FNDA:0,isReactive
FNDA:0,isReadonly
FNDA:0,isProxy
DA:9,1
DA:13,1
DA:17,0
DA:21,0
DA:25,0
DA:29,0
DA:33,0
LF:7
LH:2
BRDA:33,0,0,0
BRDA:33,0,1,0
BRF:2
BRH:0
end_of_record
TN:
SF:src/shared/index.ts
FN:4,(anonymous_0)
FN:8,(anonymous_1)
FNF:2
FNH:1
FNDA:2,(anonymous_0)
FNDA:0,(anonymous_1)
DA:2,1
DA:4,1
DA:5,2
DA:8,1
DA:9,0
LF:5
LH:4
BRDA:5,0,0,2
BRDA:5,0,1,2
BRDA:5,0,2,2
BRF:3
BRH:3
end_of_record
